{"/Users/tkan/Downloads/code/oldr/src/controllers/userController.js": {"path":"/Users/tkan/Downloads/code/oldr/src/controllers/userController.js","statementMap":{"0":{"start":{"line":1,"column":15},"end":{"line":1,"column":34}},"1":{"start":{"line":2,"column":16},"end":{"line":2,"column":43}},"2":{"start":{"line":9,"column":0},"end":{"line":11,"column":2}},"3":{"start":{"line":10,"column":2},"end":{"line":10,"column":52}},"4":{"start":{"line":18,"column":0},"end":{"line":35,"column":2}},"5":{"start":{"line":19,"column":57},"end":{"line":19,"column":65}},"6":{"start":{"line":21,"column":2},"end":{"line":34,"column":3}},"7":{"start":{"line":22,"column":25},"end":{"line":22,"column":93}},"8":{"start":{"line":23,"column":4},"end":{"line":25,"column":5}},"9":{"start":{"line":24,"column":6},"end":{"line":24,"column":98}},"10":{"start":{"line":27,"column":27},"end":{"line":27,"column":58}},"11":{"start":{"line":28,"column":18},"end":{"line":28,"column":105}},"12":{"start":{"line":29,"column":4},"end":{"line":29,"column":86}},"13":{"start":{"line":31,"column":4},"end":{"line":31,"column":105}},"14":{"start":{"line":33,"column":4},"end":{"line":33,"column":58}},"15":{"start":{"line":42,"column":0},"end":{"line":58,"column":2}},"16":{"start":{"line":43,"column":30},"end":{"line":43,"column":38}},"17":{"start":{"line":45,"column":2},"end":{"line":57,"column":3}},"18":{"start":{"line":46,"column":23},"end":{"line":46,"column":91}},"19":{"start":{"line":47,"column":17},"end":{"line":47,"column":30}},"20":{"start":{"line":49,"column":4},"end":{"line":51,"column":5}},"21":{"start":{"line":50,"column":6},"end":{"line":50,"column":100}},"22":{"start":{"line":53,"column":4},"end":{"line":53,"column":127}},"23":{"start":{"line":54,"column":4},"end":{"line":54,"column":39}},"24":{"start":{"line":56,"column":4},"end":{"line":56,"column":55}},"25":{"start":{"line":65,"column":0},"end":{"line":71,"column":2}},"26":{"start":{"line":66,"column":2},"end":{"line":70,"column":5}},"27":{"start":{"line":67,"column":4},"end":{"line":67,"column":48}},"28":{"start":{"line":67,"column":13},"end":{"line":67,"column":48}},"29":{"start":{"line":68,"column":4},"end":{"line":68,"column":35}},"30":{"start":{"line":69,"column":4},"end":{"line":69,"column":37}},"31":{"start":{"line":78,"column":0},"end":{"line":87,"column":2}},"32":{"start":{"line":79,"column":2},"end":{"line":86,"column":3}},"33":{"start":{"line":80,"column":19},"end":{"line":80,"column":38}},"34":{"start":{"line":81,"column":18},"end":{"line":81,"column":60}},"35":{"start":{"line":82,"column":21},"end":{"line":82,"column":58}},"36":{"start":{"line":83,"column":4},"end":{"line":83,"column":64}},"37":{"start":{"line":85,"column":4},"end":{"line":85,"column":76}},"38":{"start":{"line":94,"column":0},"end":{"line":105,"column":2}},"39":{"start":{"line":95,"column":26},"end":{"line":95,"column":34}},"40":{"start":{"line":96,"column":17},"end":{"line":96,"column":36}},"41":{"start":{"line":98,"column":2},"end":{"line":104,"column":3}},"42":{"start":{"line":99,"column":18},"end":{"line":99,"column":113}},"43":{"start":{"line":100,"column":4},"end":{"line":100,"column":57}},"44":{"start":{"line":101,"column":4},"end":{"line":101,"column":39}},"45":{"start":{"line":103,"column":4},"end":{"line":103,"column":77}},"46":{"start":{"line":112,"column":0},"end":{"line":126,"column":2}},"47":{"start":{"line":113,"column":2},"end":{"line":125,"column":3}},"48":{"start":{"line":114,"column":18},"end":{"line":120,"column":5}},"49":{"start":{"line":121,"column":28},"end":{"line":121,"column":78}},"50":{"start":{"line":122,"column":4},"end":{"line":122,"column":80}},"51":{"start":{"line":124,"column":4},"end":{"line":124,"column":79}},"52":{"start":{"line":133,"column":0},"end":{"line":146,"column":2}},"53":{"start":{"line":134,"column":2},"end":{"line":145,"column":3}},"54":{"start":{"line":135,"column":18},"end":{"line":140,"column":5}},"55":{"start":{"line":141,"column":21},"end":{"line":141,"column":48}},"56":{"start":{"line":142,"column":4},"end":{"line":142,"column":62}},"57":{"start":{"line":144,"column":4},"end":{"line":144,"column":71}},"58":{"start":{"line":153,"column":0},"end":{"line":163,"column":2}},"59":{"start":{"line":154,"column":20},"end":{"line":154,"column":33}},"60":{"start":{"line":156,"column":2},"end":{"line":162,"column":3}},"61":{"start":{"line":157,"column":18},"end":{"line":157,"column":53}},"62":{"start":{"line":158,"column":4},"end":{"line":158,"column":47}},"63":{"start":{"line":159,"column":4},"end":{"line":159,"column":37}},"64":{"start":{"line":161,"column":4},"end":{"line":161,"column":74}},"65":{"start":{"line":170,"column":0},"end":{"line":180,"column":2}},"66":{"start":{"line":171,"column":20},"end":{"line":171,"column":33}},"67":{"start":{"line":173,"column":2},"end":{"line":179,"column":3}},"68":{"start":{"line":174,"column":18},"end":{"line":174,"column":73}},"69":{"start":{"line":175,"column":4},"end":{"line":175,"column":47}},"70":{"start":{"line":176,"column":4},"end":{"line":176,"column":37}},"71":{"start":{"line":178,"column":4},"end":{"line":178,"column":76}},"72":{"start":{"line":187,"column":0},"end":{"line":197,"column":2}},"73":{"start":{"line":188,"column":20},"end":{"line":188,"column":33}},"74":{"start":{"line":190,"column":2},"end":{"line":196,"column":3}},"75":{"start":{"line":191,"column":18},"end":{"line":191,"column":68}},"76":{"start":{"line":192,"column":4},"end":{"line":192,"column":47}},"77":{"start":{"line":193,"column":4},"end":{"line":193,"column":37}},"78":{"start":{"line":195,"column":4},"end":{"line":195,"column":86}},"79":{"start":{"line":204,"column":0},"end":{"line":219,"column":2}},"80":{"start":{"line":205,"column":2},"end":{"line":218,"column":3}},"81":{"start":{"line":206,"column":18},"end":{"line":213,"column":5}},"82":{"start":{"line":214,"column":21},"end":{"line":214,"column":48}},"83":{"start":{"line":215,"column":4},"end":{"line":215,"column":72}},"84":{"start":{"line":217,"column":4},"end":{"line":217,"column":81}},"85":{"start":{"line":226,"column":0},"end":{"line":241,"column":2}},"86":{"start":{"line":227,"column":2},"end":{"line":240,"column":3}},"87":{"start":{"line":228,"column":18},"end":{"line":235,"column":5}},"88":{"start":{"line":236,"column":21},"end":{"line":236,"column":48}},"89":{"start":{"line":237,"column":4},"end":{"line":237,"column":72}},"90":{"start":{"line":239,"column":4},"end":{"line":239,"column":81}}},"fnMap":{"0":{"name":"(anonymous_0)","decl":{"start":{"line":9,"column":22},"end":{"line":9,"column":23}},"loc":{"start":{"line":9,"column":36},"end":{"line":11,"column":1}},"line":9},"1":{"name":"(anonymous_1)","decl":{"start":{"line":18,"column":23},"end":{"line":18,"column":24}},"loc":{"start":{"line":18,"column":43},"end":{"line":35,"column":1}},"line":18},"2":{"name":"(anonymous_2)","decl":{"start":{"line":42,"column":20},"end":{"line":42,"column":21}},"loc":{"start":{"line":42,"column":40},"end":{"line":58,"column":1}},"line":42},"3":{"name":"(anonymous_3)","decl":{"start":{"line":65,"column":21},"end":{"line":65,"column":22}},"loc":{"start":{"line":65,"column":35},"end":{"line":71,"column":1}},"line":65},"4":{"name":"(anonymous_4)","decl":{"start":{"line":66,"column":22},"end":{"line":66,"column":23}},"loc":{"start":{"line":66,"column":31},"end":{"line":70,"column":3}},"line":66},"5":{"name":"(anonymous_5)","decl":{"start":{"line":78,"column":21},"end":{"line":78,"column":22}},"loc":{"start":{"line":78,"column":41},"end":{"line":87,"column":1}},"line":78},"6":{"name":"(anonymous_6)","decl":{"start":{"line":94,"column":24},"end":{"line":94,"column":25}},"loc":{"start":{"line":94,"column":44},"end":{"line":105,"column":1}},"line":94},"7":{"name":"(anonymous_7)","decl":{"start":{"line":112,"column":29},"end":{"line":112,"column":30}},"loc":{"start":{"line":112,"column":49},"end":{"line":126,"column":1}},"line":112},"8":{"name":"(anonymous_8)","decl":{"start":{"line":133,"column":19},"end":{"line":133,"column":20}},"loc":{"start":{"line":133,"column":39},"end":{"line":146,"column":1}},"line":133},"9":{"name":"(anonymous_9)","decl":{"start":{"line":153,"column":24},"end":{"line":153,"column":25}},"loc":{"start":{"line":153,"column":44},"end":{"line":163,"column":1}},"line":153},"10":{"name":"(anonymous_10)","decl":{"start":{"line":170,"column":25},"end":{"line":170,"column":26}},"loc":{"start":{"line":170,"column":45},"end":{"line":180,"column":1}},"line":170},"11":{"name":"(anonymous_11)","decl":{"start":{"line":187,"column":24},"end":{"line":187,"column":25}},"loc":{"start":{"line":187,"column":44},"end":{"line":197,"column":1}},"line":187},"12":{"name":"(anonymous_12)","decl":{"start":{"line":204,"column":31},"end":{"line":204,"column":32}},"loc":{"start":{"line":204,"column":51},"end":{"line":219,"column":1}},"line":204},"13":{"name":"(anonymous_13)","decl":{"start":{"line":226,"column":31},"end":{"line":226,"column":32}},"loc":{"start":{"line":226,"column":51},"end":{"line":241,"column":1}},"line":226}},"branchMap":{"0":{"loc":{"start":{"line":23,"column":4},"end":{"line":25,"column":5}},"type":"if","locations":[{"start":{"line":23,"column":4},"end":{"line":25,"column":5}},{"start":{},"end":{}}],"line":23},"1":{"loc":{"start":{"line":49,"column":4},"end":{"line":51,"column":5}},"type":"if","locations":[{"start":{"line":49,"column":4},"end":{"line":51,"column":5}},{"start":{},"end":{}}],"line":49},"2":{"loc":{"start":{"line":49,"column":8},"end":{"line":49,"column":65}},"type":"binary-expr","locations":[{"start":{"line":49,"column":8},"end":{"line":49,"column":13}},{"start":{"line":49,"column":17},"end":{"line":49,"column":65}}],"line":49},"3":{"loc":{"start":{"line":67,"column":4},"end":{"line":67,"column":48}},"type":"if","locations":[{"start":{"line":67,"column":4},"end":{"line":67,"column":48}},{"start":{},"end":{}}],"line":67}},"s":{"0":2,"1":2,"2":2,"3":1,"4":2,"5":2,"6":2,"7":2,"8":2,"9":1,"10":1,"11":1,"12":1,"13":1,"14":0,"15":2,"16":1,"17":1,"18":1,"19":1,"20":1,"21":0,"22":1,"23":1,"24":1,"25":2,"26":0,"27":0,"28":0,"29":0,"30":0,"31":2,"32":0,"33":0,"34":0,"35":0,"36":0,"37":0,"38":2,"39":0,"40":0,"41":0,"42":0,"43":0,"44":0,"45":0,"46":2,"47":0,"48":0,"49":0,"50":0,"51":0,"52":2,"53":0,"54":0,"55":0,"56":0,"57":0,"58":2,"59":1,"60":1,"61":1,"62":1,"63":1,"64":1,"65":2,"66":0,"67":0,"68":0,"69":0,"70":0,"71":0,"72":2,"73":1,"74":1,"75":1,"76":1,"77":1,"78":1,"79":2,"80":0,"81":0,"82":0,"83":0,"84":0,"85":2,"86":0,"87":0,"88":0,"89":0,"90":0},"f":{"0":1,"1":2,"2":1,"3":0,"4":0,"5":0,"6":0,"7":0,"8":0,"9":1,"10":0,"11":1,"12":0,"13":0},"b":{"0":[1,1],"1":[0,1],"2":[1,1],"3":[0,0]},"_coverageSchema":"1a1c01bbd47fc00a2c39e90264f33305004495a9","hash":"0e1cc0646aa1d93e17f4da788790de1074557feb"}
,"/Users/tkan/Downloads/code/oldr/src/middlewares/authMiddleware.js": {"path":"/Users/tkan/Downloads/code/oldr/src/middlewares/authMiddleware.js","statementMap":{"0":{"start":{"line":7,"column":0},"end":{"line":10,"column":4}},"1":{"start":{"line":8,"column":4},"end":{"line":9,"column":42}},"2":{"start":{"line":8,"column":33},"end":{"line":8,"column":40}},"3":{"start":{"line":9,"column":9},"end":{"line":9,"column":42}},"4":{"start":{"line":18,"column":2},"end":{"line":21,"column":4}},"5":{"start":{"line":19,"column":4},"end":{"line":20,"column":47}},"6":{"start":{"line":19,"column":46},"end":{"line":19,"column":53}},"7":{"start":{"line":20,"column":9},"end":{"line":20,"column":47}},"8":{"start":{"line":29,"column":2},"end":{"line":32,"column":4}},"9":{"start":{"line":30,"column":4},"end":{"line":31,"column":47}},"10":{"start":{"line":30,"column":44},"end":{"line":30,"column":51}},"11":{"start":{"line":31,"column":9},"end":{"line":31,"column":47}}},"fnMap":{"0":{"name":"(anonymous_0)","decl":{"start":{"line":7,"column":26},"end":{"line":7,"column":27}},"loc":{"start":{"line":7,"column":46},"end":{"line":10,"column":3}},"line":7},"1":{"name":"(anonymous_1)","decl":{"start":{"line":18,"column":22},"end":{"line":18,"column":23}},"loc":{"start":{"line":18,"column":42},"end":{"line":21,"column":3}},"line":18},"2":{"name":"(anonymous_2)","decl":{"start":{"line":29,"column":20},"end":{"line":29,"column":21}},"loc":{"start":{"line":29,"column":40},"end":{"line":32,"column":3}},"line":29}},"branchMap":{"0":{"loc":{"start":{"line":8,"column":4},"end":{"line":9,"column":42}},"type":"if","locations":[{"start":{"line":8,"column":4},"end":{"line":9,"column":42}},{"start":{"line":9,"column":9},"end":{"line":9,"column":42}}],"line":8},"1":{"loc":{"start":{"line":19,"column":4},"end":{"line":20,"column":47}},"type":"if","locations":[{"start":{"line":19,"column":4},"end":{"line":20,"column":47}},{"start":{"line":20,"column":9},"end":{"line":20,"column":47}}],"line":19},"2":{"loc":{"start":{"line":30,"column":4},"end":{"line":31,"column":47}},"type":"if","locations":[{"start":{"line":30,"column":4},"end":{"line":31,"column":47}},{"start":{"line":31,"column":9},"end":{"line":31,"column":47}}],"line":30}},"s":{"0":1,"1":2,"2":2,"3":0,"4":1,"5":1,"6":1,"7":0,"8":1,"9":0,"10":0,"11":0},"f":{"0":2,"1":1,"2":0},"b":{"0":[2,0],"1":[1,0],"2":[0,0]},"_coverageSchema":"1a1c01bbd47fc00a2c39e90264f33305004495a9","hash":"2a3b6406f6fea3b112b3b518964e3ef14d1a28ee"}
,"/Users/tkan/Downloads/code/oldr/src/routes/userRoutes.js": {"path":"/Users/tkan/Downloads/code/oldr/src/routes/userRoutes.js","statementMap":{"0":{"start":{"line":1,"column":16},"end":{"line":1,"column":34}},"1":{"start":{"line":2,"column":35},"end":{"line":2,"column":63}},"2":{"start":{"line":3,"column":23},"end":{"line":3,"column":63}},"3":{"start":{"line":4,"column":48},"end":{"line":4,"column":88}},"4":{"start":{"line":6,"column":15},"end":{"line":6,"column":31}},"5":{"start":{"line":9,"column":0},"end":{"line":11,"column":3}},"6":{"start":{"line":10,"column":2},"end":{"line":10,"column":57}},"7":{"start":{"line":14,"column":0},"end":{"line":33,"column":2}},"8":{"start":{"line":26,"column":19},"end":{"line":26,"column":40}},"9":{"start":{"line":27,"column":4},"end":{"line":29,"column":5}},"10":{"start":{"line":28,"column":6},"end":{"line":28,"column":123}},"11":{"start":{"line":28,"column":85},"end":{"line":28,"column":92}},"12":{"start":{"line":30,"column":4},"end":{"line":30,"column":11}},"13":{"start":{"line":36,"column":0},"end":{"line":38,"column":3}},"14":{"start":{"line":37,"column":2},"end":{"line":37,"column":54}},"15":{"start":{"line":41,"column":0},"end":{"line":57,"column":2}},"16":{"start":{"line":50,"column":19},"end":{"line":50,"column":40}},"17":{"start":{"line":51,"column":4},"end":{"line":53,"column":5}},"18":{"start":{"line":52,"column":6},"end":{"line":52,"column":120}},"19":{"start":{"line":52,"column":82},"end":{"line":52,"column":89}},"20":{"start":{"line":54,"column":4},"end":{"line":54,"column":11}},"21":{"start":{"line":60,"column":0},"end":{"line":60,"column":68}},"22":{"start":{"line":63,"column":0},"end":{"line":63,"column":78}},"23":{"start":{"line":66,"column":0},"end":{"line":66,"column":83}},"24":{"start":{"line":69,"column":0},"end":{"line":69,"column":72}},"25":{"start":{"line":72,"column":0},"end":{"line":72,"column":92}},"26":{"start":{"line":75,"column":0},"end":{"line":75,"column":94}},"27":{"start":{"line":78,"column":0},"end":{"line":78,"column":95}},"28":{"start":{"line":81,"column":0},"end":{"line":81,"column":95}},"29":{"start":{"line":84,"column":0},"end":{"line":84,"column":94}},"30":{"start":{"line":87,"column":0},"end":{"line":87,"column":94}},"31":{"start":{"line":90,"column":0},"end":{"line":90,"column":49}},"32":{"start":{"line":92,"column":0},"end":{"line":92,"column":24}}},"fnMap":{"0":{"name":"(anonymous_0)","decl":{"start":{"line":9,"column":24},"end":{"line":9,"column":25}},"loc":{"start":{"line":9,"column":38},"end":{"line":11,"column":1}},"line":9},"1":{"name":"(anonymous_1)","decl":{"start":{"line":24,"column":2},"end":{"line":24,"column":3}},"loc":{"start":{"line":24,"column":22},"end":{"line":31,"column":3}},"line":24},"2":{"name":"(anonymous_2)","decl":{"start":{"line":28,"column":76},"end":{"line":28,"column":77}},"loc":{"start":{"line":28,"column":85},"end":{"line":28,"column":92}},"line":28},"3":{"name":"(anonymous_3)","decl":{"start":{"line":36,"column":21},"end":{"line":36,"column":22}},"loc":{"start":{"line":36,"column":35},"end":{"line":38,"column":1}},"line":36},"4":{"name":"(anonymous_4)","decl":{"start":{"line":48,"column":2},"end":{"line":48,"column":3}},"loc":{"start":{"line":48,"column":22},"end":{"line":55,"column":3}},"line":48},"5":{"name":"(anonymous_5)","decl":{"start":{"line":52,"column":73},"end":{"line":52,"column":74}},"loc":{"start":{"line":52,"column":82},"end":{"line":52,"column":89}},"line":52}},"branchMap":{"0":{"loc":{"start":{"line":27,"column":4},"end":{"line":29,"column":5}},"type":"if","locations":[{"start":{"line":27,"column":4},"end":{"line":29,"column":5}},{"start":{},"end":{}}],"line":27},"1":{"loc":{"start":{"line":51,"column":4},"end":{"line":53,"column":5}},"type":"if","locations":[{"start":{"line":51,"column":4},"end":{"line":53,"column":5}},{"start":{},"end":{}}],"line":51}},"s":{"0":1,"1":1,"2":1,"3":1,"4":1,"5":1,"6":1,"7":1,"8":2,"9":2,"10":1,"11":5,"12":1,"13":1,"14":1,"15":1,"16":1,"17":1,"18":0,"19":0,"20":1,"21":1,"22":1,"23":1,"24":1,"25":1,"26":1,"27":1,"28":1,"29":1,"30":1,"31":1,"32":1},"f":{"0":1,"1":2,"2":5,"3":1,"4":1,"5":0},"b":{"0":[1,1],"1":[0,1]},"_coverageSchema":"1a1c01bbd47fc00a2c39e90264f33305004495a9","hash":"ba2fad794f717011a762d2c872b1a7dfa3cf18e4"}
,"/Users/tkan/Downloads/code/oldr/src/utils/dbUtils.js": {"path":"/Users/tkan/Downloads/code/oldr/src/utils/dbUtils.js","statementMap":{"0":{"start":{"line":1,"column":16},"end":{"line":1,"column":44}},"1":{"start":{"line":2,"column":13},"end":{"line":2,"column":28}},"2":{"start":{"line":4,"column":15},"end":{"line":4,"column":59}},"3":{"start":{"line":6,"column":11},"end":{"line":6,"column":39}},"4":{"start":{"line":14,"column":17},"end":{"line":24,"column":1}},"5":{"start":{"line":15,"column":2},"end":{"line":23,"column":5}},"6":{"start":{"line":16,"column":4},"end":{"line":22,"column":7}},"7":{"start":{"line":17,"column":6},"end":{"line":21,"column":7}},"8":{"start":{"line":18,"column":8},"end":{"line":18,"column":20}},"9":{"start":{"line":20,"column":8},"end":{"line":20,"column":22}},"10":{"start":{"line":32,"column":15},"end":{"line":42,"column":1}},"11":{"start":{"line":33,"column":2},"end":{"line":41,"column":5}},"12":{"start":{"line":34,"column":4},"end":{"line":40,"column":7}},"13":{"start":{"line":35,"column":6},"end":{"line":39,"column":7}},"14":{"start":{"line":36,"column":8},"end":{"line":36,"column":20}},"15":{"start":{"line":38,"column":8},"end":{"line":38,"column":22}},"16":{"start":{"line":44,"column":0},"end":{"line":47,"column":2}}},"fnMap":{"0":{"name":"(anonymous_0)","decl":{"start":{"line":14,"column":17},"end":{"line":14,"column":18}},"loc":{"start":{"line":14,"column":41},"end":{"line":24,"column":1}},"line":14},"1":{"name":"(anonymous_1)","decl":{"start":{"line":15,"column":21},"end":{"line":15,"column":22}},"loc":{"start":{"line":15,"column":42},"end":{"line":23,"column":3}},"line":15},"2":{"name":"(anonymous_2)","decl":{"start":{"line":16,"column":26},"end":{"line":16,"column":27}},"loc":{"start":{"line":16,"column":41},"end":{"line":22,"column":5}},"line":16},"3":{"name":"(anonymous_3)","decl":{"start":{"line":32,"column":15},"end":{"line":32,"column":16}},"loc":{"start":{"line":32,"column":39},"end":{"line":42,"column":1}},"line":32},"4":{"name":"(anonymous_4)","decl":{"start":{"line":33,"column":21},"end":{"line":33,"column":22}},"loc":{"start":{"line":33,"column":42},"end":{"line":41,"column":3}},"line":33},"5":{"name":"(anonymous_5)","decl":{"start":{"line":34,"column":26},"end":{"line":34,"column":27}},"loc":{"start":{"line":34,"column":41},"end":{"line":40,"column":5}},"line":34}},"branchMap":{"0":{"loc":{"start":{"line":14,"column":25},"end":{"line":14,"column":36}},"type":"default-arg","locations":[{"start":{"line":14,"column":34},"end":{"line":14,"column":36}}],"line":14},"1":{"loc":{"start":{"line":17,"column":6},"end":{"line":21,"column":7}},"type":"if","locations":[{"start":{"line":17,"column":6},"end":{"line":21,"column":7}},{"start":{"line":19,"column":13},"end":{"line":21,"column":7}}],"line":17},"2":{"loc":{"start":{"line":32,"column":23},"end":{"line":32,"column":34}},"type":"default-arg","locations":[{"start":{"line":32,"column":32},"end":{"line":32,"column":34}}],"line":32},"3":{"loc":{"start":{"line":35,"column":6},"end":{"line":39,"column":7}},"type":"if","locations":[{"start":{"line":35,"column":6},"end":{"line":39,"column":7}},{"start":{"line":37,"column":13},"end":{"line":39,"column":7}}],"line":35}},"s":{"0":3,"1":3,"2":3,"3":3,"4":3,"5":2,"6":2,"7":2,"8":0,"9":2,"10":3,"11":2,"12":2,"13":2,"14":0,"15":2,"16":3},"f":{"0":2,"1":2,"2":2,"3":2,"4":2,"5":2},"b":{"0":[0],"1":[0,2],"2":[2],"3":[0,2]},"_coverageSchema":"1a1c01bbd47fc00a2c39e90264f33305004495a9","hash":"16a7b331c1a260d8610c7fa440ddb0fe0f6aa202"}
}
