TN:
SF:src/controllers/userController.js
FN:9,(anonymous_0)
FN:18,(anonymous_1)
FN:42,(anonymous_2)
FN:65,(anonymous_3)
FN:66,(anonymous_4)
FN:78,(anonymous_5)
FN:94,(anonymous_6)
FN:112,(anonymous_7)
FN:133,(anonymous_8)
FN:153,(anonymous_9)
FN:170,(anonymous_10)
FN:187,(anonymous_11)
FN:204,(anonymous_12)
FN:226,(anonymous_13)
FNF:14
FNH:5
FNDA:1,(anonymous_0)
FNDA:2,(anonymous_1)
FNDA:1,(anonymous_2)
FNDA:0,(anonymous_3)
FNDA:0,(anonymous_4)
FNDA:0,(anonymous_5)
FNDA:0,(anonymous_6)
FNDA:0,(anonymous_7)
FNDA:0,(anonymous_8)
FNDA:1,(anonymous_9)
FNDA:0,(anonymous_10)
FNDA:1,(anonymous_11)
FNDA:0,(anonymous_12)
FNDA:0,(anonymous_13)
DA:1,2
DA:2,2
DA:9,2
DA:10,1
DA:18,2
DA:19,2
DA:21,2
DA:22,2
DA:23,2
DA:24,1
DA:27,1
DA:28,1
DA:29,1
DA:31,1
DA:33,0
DA:42,2
DA:43,1
DA:45,1
DA:46,1
DA:47,1
DA:49,1
DA:50,0
DA:53,1
DA:54,1
DA:56,1
DA:65,2
DA:66,0
DA:67,0
DA:68,0
DA:69,0
DA:78,2
DA:79,0
DA:80,0
DA:81,0
DA:82,0
DA:83,0
DA:85,0
DA:94,2
DA:95,0
DA:96,0
DA:98,0
DA:99,0
DA:100,0
DA:101,0
DA:103,0
DA:112,2
DA:113,0
DA:114,0
DA:121,0
DA:122,0
DA:124,0
DA:133,2
DA:134,0
DA:135,0
DA:141,0
DA:142,0
DA:144,0
DA:153,2
DA:154,1
DA:156,1
DA:157,1
DA:158,1
DA:159,1
DA:161,1
DA:170,2
DA:171,0
DA:173,0
DA:174,0
DA:175,0
DA:176,0
DA:178,0
DA:187,2
DA:188,1
DA:190,1
DA:191,1
DA:192,1
DA:193,1
DA:195,1
DA:204,2
DA:205,0
DA:206,0
DA:214,0
DA:215,0
DA:217,0
DA:226,2
DA:227,0
DA:228,0
DA:236,0
DA:237,0
DA:239,0
LF:90
LH:45
BRDA:23,0,0,1
BRDA:23,0,1,1
BRDA:49,1,0,0
BRDA:49,1,1,1
BRDA:49,2,0,1
BRDA:49,2,1,1
BRDA:67,3,0,0
BRDA:67,3,1,0
BRF:8
BRH:5
end_of_record
TN:
SF:src/middlewares/authMiddleware.js
FN:7,(anonymous_0)
FN:18,(anonymous_1)
FN:29,(anonymous_2)
FNF:3
FNH:2
FNDA:2,(anonymous_0)
FNDA:1,(anonymous_1)
FNDA:0,(anonymous_2)
DA:7,1
DA:8,2
DA:9,0
DA:18,1
DA:19,1
DA:20,0
DA:29,1
DA:30,0
DA:31,0
LF:9
LH:5
BRDA:8,0,0,2
BRDA:8,0,1,0
BRDA:19,1,0,1
BRDA:19,1,1,0
BRDA:30,2,0,0
BRDA:30,2,1,0
BRF:6
BRH:2
end_of_record
TN:
SF:src/routes/userRoutes.js
FN:9,(anonymous_0)
FN:24,(anonymous_1)
FN:28,(anonymous_2)
FN:36,(anonymous_3)
FN:48,(anonymous_4)
FN:52,(anonymous_5)
FNF:6
FNH:5
FNDA:1,(anonymous_0)
FNDA:2,(anonymous_1)
FNDA:5,(anonymous_2)
FNDA:1,(anonymous_3)
FNDA:1,(anonymous_4)
FNDA:0,(anonymous_5)
DA:1,1
DA:2,1
DA:3,1
DA:4,1
DA:6,1
DA:9,1
DA:10,1
DA:14,1
DA:26,2
DA:27,2
DA:28,5
DA:30,1
DA:36,1
DA:37,1
DA:41,1
DA:50,1
DA:51,1
DA:52,0
DA:54,1
DA:60,1
DA:63,1
DA:66,1
DA:69,1
DA:72,1
DA:75,1
DA:78,1
DA:81,1
DA:84,1
DA:87,1
DA:90,1
DA:92,1
LF:31
LH:30
BRDA:27,0,0,1
BRDA:27,0,1,1
BRDA:51,1,0,0
BRDA:51,1,1,1
BRF:4
BRH:3
end_of_record
TN:
SF:src/utils/dbUtils.js
FN:14,(anonymous_0)
FN:15,(anonymous_1)
FN:16,(anonymous_2)
FN:32,(anonymous_3)
FN:33,(anonymous_4)
FN:34,(anonymous_5)
FNF:6
FNH:6
FNDA:2,(anonymous_0)
FNDA:2,(anonymous_1)
FNDA:2,(anonymous_2)
FNDA:2,(anonymous_3)
FNDA:2,(anonymous_4)
FNDA:2,(anonymous_5)
DA:1,3
DA:2,3
DA:4,3
DA:6,3
DA:14,3
DA:15,2
DA:16,2
DA:17,2
DA:18,0
DA:20,2
DA:32,3
DA:33,2
DA:34,2
DA:35,2
DA:36,0
DA:38,2
DA:44,3
LF:17
LH:15
BRDA:14,0,0,0
BRDA:17,1,0,0
BRDA:17,1,1,2
BRDA:32,2,0,2
BRDA:35,3,0,0
BRDA:35,3,1,2
BRF:6
BRH:3
end_of_record
